<?xml version="1.0" encoding="UTF-8"?>
<testsuite xmlns:xsi="http://www.w3.org/2001/XMLSchema-instance" xsi:noNamespaceSchemaLocation="https://maven.apache.org/surefire/maven-surefire-plugin/xsd/surefire-test-report.xsd" name="TestSuite" time="19.926" tests="40" errors="0" skipped="0" failures="0">
  <properties>
    <property name="sun.desktop" value="windows"/>
    <property name="awt.toolkit" value="sun.awt.windows.WToolkit"/>
    <property name="file.encoding.pkg" value="sun.io"/>
    <property name="java.specification.version" value="1.8"/>
    <property name="sun.cpu.isalist" value="amd64"/>
    <property name="sun.jnu.encoding" value="GBK"/>
    <property name="java.class.path" value="D:\AutoJavaTest\target\test-classes;D:\AutoJavaTest\target\classes;C:\Users\zihan.jia\.m2\repository\com\aventstack\klov-reporter\5.0.8\klov-reporter-5.0.8.jar;C:\Users\zihan.jia\.m2\repository\org\mongodb\mongodb-driver\3.6.4\mongodb-driver-3.6.4.jar;C:\Users\zihan.jia\.m2\repository\org\mongodb\mongodb-driver-core\3.6.4\mongodb-driver-core-3.6.4.jar;C:\Users\zihan.jia\.m2\repository\org\mongodb\bson\3.6.4\bson-3.6.4.jar;C:\Users\zihan.jia\.m2\repository\com\aventstack\extentreports\3.1.5\extentreports-3.1.5.jar;C:\Users\zihan.jia\.m2\repository\org\freemarker\freemarker\2.3.23\freemarker-2.3.23.jar;C:\Users\zihan.jia\.m2\repository\org\jsoup\jsoup\1.9.2\jsoup-1.9.2.jar;C:\Users\zihan.jia\.m2\repository\com\google\code\gson\gson\2.8.0\gson-2.8.0.jar;C:\Users\zihan.jia\.m2\repository\com\relevantcodes\extentreports\2.41.1\extentreports-2.41.1.jar;C:\Users\zihan.jia\.m2\repository\org\xerial\sqlite-jdbc\3.8.11.1\sqlite-jdbc-3.8.11.1.jar;C:\Users\zihan.jia\.m2\repository\com\vimalselvam\testng-extentsreport\1.3.1\testng-extentsreport-1.3.1.jar;C:\Users\zihan.jia\.m2\repository\com\google\guava\guava\20.0\guava-20.0.jar;C:\Users\zihan.jia\.m2\repository\org\apache\commons\commons-compress\1.18\commons-compress-1.18.jar;C:\Users\zihan.jia\.m2\repository\commons-io\commons-io\2.4\commons-io-2.4.jar;C:\Users\zihan.jia\.m2\repository\junit\junit\3.8.1\junit-3.8.1.jar;C:\Users\zihan.jia\.m2\repository\org\apache\poi\poi\4.0.1\poi-4.0.1.jar;C:\Users\zihan.jia\.m2\repository\commons-codec\commons-codec\1.11\commons-codec-1.11.jar;C:\Users\zihan.jia\.m2\repository\org\apache\commons\commons-collections4\4.2\commons-collections4-4.2.jar;C:\Users\zihan.jia\.m2\repository\org\apache\commons\commons-math3\3.6.1\commons-math3-3.6.1.jar;C:\Users\zihan.jia\.m2\repository\org\apache\poi\poi-ooxml\4.0.1\poi-ooxml-4.0.1.jar;C:\Users\zihan.jia\.m2\repository\org\apache\poi\poi-ooxml-schemas\4.0.1\poi-ooxml-schemas-4.0.1.jar;C:\Users\zihan.jia\.m2\repository\org\apache\xmlbeans\xmlbeans\3.0.2\xmlbeans-3.0.2.jar;C:\Users\zihan.jia\.m2\repository\com\github\virtuald\curvesapi\1.05\curvesapi-1.05.jar;C:\Users\zihan.jia\.m2\repository\org\apache\httpcomponents\httpclient\4.5.6\httpclient-4.5.6.jar;C:\Users\zihan.jia\.m2\repository\commons-logging\commons-logging\1.2\commons-logging-1.2.jar;C:\Users\zihan.jia\.m2\repository\org\apache\httpcomponents\httpmime\4.5.6\httpmime-4.5.6.jar;C:\Users\zihan.jia\.m2\repository\org\apache\httpcomponents\httpcore\4.4.10\httpcore-4.4.10.jar;C:\Users\zihan.jia\.m2\repository\org\testng\testng\6.14.3\testng-6.14.3.jar;C:\Users\zihan.jia\.m2\repository\com\beust\jcommander\1.72\jcommander-1.72.jar;C:\Users\zihan.jia\.m2\repository\org\apache-extras\beanshell\bsh\2.0b6\bsh-2.0b6.jar;C:\Users\zihan.jia\.m2\repository\com\alibaba\fastjson\1.2.52\fastjson-1.2.52.jar;C:\Users\zihan.jia\.m2\repository\net\sf\json-lib\json-lib\2.4\json-lib-2.4-jdk15.jar;C:\Users\zihan.jia\.m2\repository\commons-beanutils\commons-beanutils\1.8.0\commons-beanutils-1.8.0.jar;C:\Users\zihan.jia\.m2\repository\commons-collections\commons-collections\3.2.1\commons-collections-3.2.1.jar;C:\Users\zihan.jia\.m2\repository\commons-lang\commons-lang\2.5\commons-lang-2.5.jar;C:\Users\zihan.jia\.m2\repository\net\sf\ezmorph\ezmorph\1.0.6\ezmorph-1.0.6.jar;C:\Users\zihan.jia\.m2\repository\log4j\log4j\1.2.17\log4j-1.2.17.jar;C:\Users\zihan.jia\.m2\repository\org\apache\maven\surefire\surefire-testng-utils\2.22.0\surefire-testng-utils-2.22.0.jar;C:\Users\zihan.jia\.m2\repository\org\apache\maven\surefire\surefire-grouper\2.22.0\surefire-grouper-2.22.0.jar;"/>
    <property name="java.vm.vendor" value="Oracle Corporation"/>
    <property name="sun.arch.data.model" value="64"/>
    <property name="user.variant" value=""/>
    <property name="java.vendor.url" value="http://java.oracle.com/"/>
    <property name="user.timezone" value="Asia/Shanghai"/>
    <property name="java.vm.specification.version" value="1.8"/>
    <property name="os.name" value="Windows 10"/>
    <property name="user.country" value="CN"/>
    <property name="sun.java.launcher" value="SUN_STANDARD"/>
    <property name="sun.boot.library.path" value="D:\jdk1.8.0_181\jre\bin"/>
    <property name="sun.java.command" value="C:\Users\zihan.jia\AppData\Local\Temp\surefire7919573513921120134\surefirebooter3574681439376288665.jar C:\Users\zihan.jia\AppData\Local\Temp\surefire7919573513921120134 2022-11-09T19-43-49_311-jvmRun1 surefire277337703520038775tmp surefire_06902873750794506655tmp"/>
    <property name="surefire.test.class.path" value="D:\AutoJavaTest\target\test-classes;D:\AutoJavaTest\target\classes;C:\Users\zihan.jia\.m2\repository\com\aventstack\klov-reporter\5.0.8\klov-reporter-5.0.8.jar;C:\Users\zihan.jia\.m2\repository\org\mongodb\mongodb-driver\3.6.4\mongodb-driver-3.6.4.jar;C:\Users\zihan.jia\.m2\repository\org\mongodb\mongodb-driver-core\3.6.4\mongodb-driver-core-3.6.4.jar;C:\Users\zihan.jia\.m2\repository\org\mongodb\bson\3.6.4\bson-3.6.4.jar;C:\Users\zihan.jia\.m2\repository\com\aventstack\extentreports\3.1.5\extentreports-3.1.5.jar;C:\Users\zihan.jia\.m2\repository\org\freemarker\freemarker\2.3.23\freemarker-2.3.23.jar;C:\Users\zihan.jia\.m2\repository\org\jsoup\jsoup\1.9.2\jsoup-1.9.2.jar;C:\Users\zihan.jia\.m2\repository\com\google\code\gson\gson\2.8.0\gson-2.8.0.jar;C:\Users\zihan.jia\.m2\repository\com\relevantcodes\extentreports\2.41.1\extentreports-2.41.1.jar;C:\Users\zihan.jia\.m2\repository\org\xerial\sqlite-jdbc\3.8.11.1\sqlite-jdbc-3.8.11.1.jar;C:\Users\zihan.jia\.m2\repository\com\vimalselvam\testng-extentsreport\1.3.1\testng-extentsreport-1.3.1.jar;C:\Users\zihan.jia\.m2\repository\com\google\guava\guava\20.0\guava-20.0.jar;C:\Users\zihan.jia\.m2\repository\org\apache\commons\commons-compress\1.18\commons-compress-1.18.jar;C:\Users\zihan.jia\.m2\repository\commons-io\commons-io\2.4\commons-io-2.4.jar;C:\Users\zihan.jia\.m2\repository\junit\junit\3.8.1\junit-3.8.1.jar;C:\Users\zihan.jia\.m2\repository\org\apache\poi\poi\4.0.1\poi-4.0.1.jar;C:\Users\zihan.jia\.m2\repository\commons-codec\commons-codec\1.11\commons-codec-1.11.jar;C:\Users\zihan.jia\.m2\repository\org\apache\commons\commons-collections4\4.2\commons-collections4-4.2.jar;C:\Users\zihan.jia\.m2\repository\org\apache\commons\commons-math3\3.6.1\commons-math3-3.6.1.jar;C:\Users\zihan.jia\.m2\repository\org\apache\poi\poi-ooxml\4.0.1\poi-ooxml-4.0.1.jar;C:\Users\zihan.jia\.m2\repository\org\apache\poi\poi-ooxml-schemas\4.0.1\poi-ooxml-schemas-4.0.1.jar;C:\Users\zihan.jia\.m2\repository\org\apache\xmlbeans\xmlbeans\3.0.2\xmlbeans-3.0.2.jar;C:\Users\zihan.jia\.m2\repository\com\github\virtuald\curvesapi\1.05\curvesapi-1.05.jar;C:\Users\zihan.jia\.m2\repository\org\apache\httpcomponents\httpclient\4.5.6\httpclient-4.5.6.jar;C:\Users\zihan.jia\.m2\repository\commons-logging\commons-logging\1.2\commons-logging-1.2.jar;C:\Users\zihan.jia\.m2\repository\org\apache\httpcomponents\httpmime\4.5.6\httpmime-4.5.6.jar;C:\Users\zihan.jia\.m2\repository\org\apache\httpcomponents\httpcore\4.4.10\httpcore-4.4.10.jar;C:\Users\zihan.jia\.m2\repository\org\testng\testng\6.14.3\testng-6.14.3.jar;C:\Users\zihan.jia\.m2\repository\com\beust\jcommander\1.72\jcommander-1.72.jar;C:\Users\zihan.jia\.m2\repository\org\apache-extras\beanshell\bsh\2.0b6\bsh-2.0b6.jar;C:\Users\zihan.jia\.m2\repository\com\alibaba\fastjson\1.2.52\fastjson-1.2.52.jar;C:\Users\zihan.jia\.m2\repository\net\sf\json-lib\json-lib\2.4\json-lib-2.4-jdk15.jar;C:\Users\zihan.jia\.m2\repository\commons-beanutils\commons-beanutils\1.8.0\commons-beanutils-1.8.0.jar;C:\Users\zihan.jia\.m2\repository\commons-collections\commons-collections\3.2.1\commons-collections-3.2.1.jar;C:\Users\zihan.jia\.m2\repository\commons-lang\commons-lang\2.5\commons-lang-2.5.jar;C:\Users\zihan.jia\.m2\repository\net\sf\ezmorph\ezmorph\1.0.6\ezmorph-1.0.6.jar;C:\Users\zihan.jia\.m2\repository\log4j\log4j\1.2.17\log4j-1.2.17.jar;C:\Users\zihan.jia\.m2\repository\org\apache\maven\surefire\surefire-testng-utils\2.22.0\surefire-testng-utils-2.22.0.jar;C:\Users\zihan.jia\.m2\repository\org\apache\maven\surefire\surefire-grouper\2.22.0\surefire-grouper-2.22.0.jar;"/>
    <property name="sun.cpu.endian" value="little"/>
    <property name="user.home" value="C:\Users\zihan.jia"/>
    <property name="user.language" value="zh"/>
    <property name="java.specification.vendor" value="Oracle Corporation"/>
    <property name="java.home" value="D:\jdk1.8.0_181\jre"/>
    <property name="basedir" value="D:\AutoJavaTest"/>
    <property name="file.separator" value="\"/>
    <property name="line.separator" value="&#10;"/>
    <property name="java.vm.specification.vendor" value="Oracle Corporation"/>
    <property name="java.specification.name" value="Java Platform API Specification"/>
    <property name="java.awt.graphicsenv" value="sun.awt.Win32GraphicsEnvironment"/>
    <property name="surefire.real.class.path" value="C:\Users\zihan.jia\AppData\Local\Temp\surefire7919573513921120134\surefirebooter3574681439376288665.jar"/>
    <property name="sun.boot.class.path" value="D:\jdk1.8.0_181\jre\lib\resources.jar;D:\jdk1.8.0_181\jre\lib\rt.jar;D:\jdk1.8.0_181\jre\lib\sunrsasign.jar;D:\jdk1.8.0_181\jre\lib\jsse.jar;D:\jdk1.8.0_181\jre\lib\jce.jar;D:\jdk1.8.0_181\jre\lib\charsets.jar;D:\jdk1.8.0_181\jre\lib\jfr.jar;D:\jdk1.8.0_181\jre\classes"/>
    <property name="user.script" value=""/>
    <property name="sun.management.compiler" value="HotSpot 64-Bit Tiered Compilers"/>
    <property name="java.runtime.version" value="1.8.0_181-b13"/>
    <property name="user.name" value="Zihan.Jia"/>
    <property name="path.separator" value=";"/>
    <property name="os.version" value="10.0"/>
    <property name="java.endorsed.dirs" value="D:\jdk1.8.0_181\jre\lib\endorsed"/>
    <property name="java.runtime.name" value="Java(TM) SE Runtime Environment"/>
    <property name="file.encoding" value="GBK"/>
    <property name="java.vm.name" value="Java HotSpot(TM) 64-Bit Server VM"/>
    <property name="localRepository" value="C:\Users\zihan.jia\.m2\repository"/>
    <property name="java.vendor.url.bug" value="http://bugreport.sun.com/bugreport/"/>
    <property name="java.io.tmpdir" value="C:\Users\zihan.jia\AppData\Local\Temp\"/>
    <property name="java.version" value="1.8.0_181"/>
    <property name="user.dir" value="D:\AutoJavaTest"/>
    <property name="os.arch" value="amd64"/>
    <property name="java.vm.specification.name" value="Java Virtual Machine Specification"/>
    <property name="java.awt.printerjob" value="sun.awt.windows.WPrinterJob"/>
    <property name="sun.os.patch.level" value=""/>
    <property name="java.library.path" value="D:\jdk1.8.0_181\jre\bin;C:\Windows\Sun\Java\bin;C:\Windows\system32;C:\Windows;D:\Python38\Scripts\;D:\Python38;C:\Program Files\VanDyke Software\Clients\;C:\Program Files (x86)\Common Files\Intel\Shared Libraries\redist\intel64\compiler;D:\jdk1.8.0_181\bin;C:\Program Files (x86)\Common Files\Oracle\Java\javapath;C:\Windows\system32;C:\Windows;C:\Windows\System32\Wbem;C:\Windows\System32\WindowsPowerShell\v1.0\;C:\Windows\System32\OpenSSH\;D:\apache-tomcat-8.5.20\apache-tomcat-8.5.20\bin;C:\ProgramData\chocolatey\bin;D:\Xshll 7\;D:\TortoiseGit\bin;C:\Program Files\MongoDB\Server\5.0\bin;C:\strawberry\c\bin;C:\strawberry\perl\bin;D:\Go\bin;D:\Git\cmd;D:\nodejs\;D:\Python38\Tools\scripts;D:\IntelliJ IDEA 2020.1\plugins\maven\lib\maven3\bin;C:\Program Files\MySQL\MySQL Server 8.0\bin;D:\RabbitMQ Server\rabbitmq_server-3.10.7\sbin\;D:\微信web开发者工具\dll;D:\Ruby31-x64\bin;D:\工具\android-sdk-windows\platform-tools;D:\工具\android-sdk-windows\tools;C:\Program Files\Google\Chrome\Application;D:\Ruby31-x64\bin;C:\Program Files\MySQL\MySQL Shell 8.0\bin\;D:\Python311-32\Scripts\;D:\Python311-32\;C:\Users\zihan.jia\AppData\Local\Microsoft\WindowsApps;D:\PyCharm 2018.3.3\bin;;D:\GoLand 2020.1\bin;;C:\Users\zihan.jia\AppData\Roaming\npm;D:\IntelliJ IDEA 2020.1\bin;;."/>
    <property name="java.vm.info" value="mixed mode"/>
    <property name="java.vendor" value="Oracle Corporation"/>
    <property name="java.vm.version" value="25.181-b13"/>
    <property name="java.ext.dirs" value="D:\jdk1.8.0_181\jre\lib\ext;C:\Windows\Sun\Java\lib\ext"/>
    <property name="sun.io.unicode.encoding" value="UnicodeLittle"/>
    <property name="java.class.version" value="52.0"/>
  </properties>
  <testcase name="deletereceiveraddress" classname="com.test.TestGateWayService" time="5.473"/>
  <testcase name="getactivityurl" classname="com.test.TestGateWayService" time="0.368"/>
  <testcase name="getadvertisementimage" classname="com.test.TestGateWayService" time="0.366"/>
  <testcase name="getallcity" classname="com.test.TestGateWayService" time="0.883"/>
  <testcase name="getallreceiveraddress" classname="com.test.TestGateWayService" time="0.294"/>
  <testcase name="getcontributiondeaillist" classname="com.test.TestGateWayService" time="0.375"/>
  <testcase name="getexchangelist" classname="com.test.TestGateWayService" time="0.241"/>
  <testcase name="getinfo兑换详情" classname="com.test.TestGateWayService" time="0.44"/>
  <testcase name="getjoblist" classname="com.test.TestGateWayService" time="0.206"/>
  <testcase name="getmyapplycourselist" classname="com.test.TestGateWayService" time="0.276"/>
  <testcase name="getquestions" classname="com.test.TestGateWayService" time="0.371"/>
  <testcase name="gettaskinfo" classname="com.test.TestGateWayService" time="0.408"/>
  <testcase name="savereceiveraddress" classname="com.test.TestGateWayService" time="0.452"/>
  <testcase name="addbankcards" classname="com.test.TestStaffingService" time="0.191"/>
  <testcase name="getadvertisementimage" classname="com.test.TestStaffingService" time="0.271"/>
  <testcase name="getbankcards" classname="com.test.TestStaffingService" time="0.213"/>
  <testcase name="getpersonalsummaryInfo" classname="com.test.TestStaffingService" time="0.316"/>
  <testcase name="gettaskfavorite" classname="com.test.TestStaffingService" time="0.261"/>
  <testcase name="issubscribewxservice服务号" classname="com.test.TestStaffingService" time="0.247"/>
  <testcase name="v531Getinfo" classname="com.test.TestStaffingService" time="1.149"/>
  <testcase name="个人信息" classname="com.test.TestStaffingService" time="1.086"/>
  <testcase name="任务列表" classname="com.test.TestStaffingService" time="0.216"/>
  <testcase name="任务详情" classname="com.test.TestStaffingService" time="0.215"/>
  <testcase name="协议gettaskagreements" classname="com.test.TestStaffingService" time="0.17"/>
  <testcase name="合作详情已结束" classname="com.test.TestStaffingService" time="0.233"/>
  <testcase name="我的报名信息" classname="com.test.TestStaffingService" time="0.193"/>
  <testcase name="我的签约信息" classname="com.test.TestStaffingService" time="0.299"/>
  <testcase name="报名详情" classname="com.test.TestStaffingService" time="0.18"/>
  <testcase name="Merchant合作商户" classname="com.test.TestWnsService" time="0.216"/>
  <testcase name="getcontent" classname="com.test.TestWnsService" time="0.188"/>
  <testcase name="getidcardinfo" classname="com.test.TestWnsService" time="0.202"/>
  <testcase name="getmobiles" classname="com.test.TestWnsService" time="0.268"/>
  <testcase name="getnotsettleinfo" classname="com.test.TestWnsService" time="0.209"/>
  <testcase name="getsettlementscount" classname="com.test.TestWnsService" time="0.269"/>
  <testcase name="我的签约wns" classname="com.test.TestWnsService" time="0.191"/>
  <testcase name="打款失败订单" classname="com.test.TestWnsService" time="0.172"/>
  <testcase name="批量结算列表" classname="com.test.TestWnsService" time="0.219"/>
  <testcase name="服务号ssubscribewxservice" classname="com.test.TestWnsService" time="0.22"/>
  <testcase name="结算收入" classname="com.test.TestWnsService" time="0.207"/>
  <testcase name="获取个人信息" classname="com.test.TestWnsService" time="1.074"/>
</testsuite>