<?xml version="1.0" encoding="UTF-8"?>
<!-- Generated by org.testng.reporters.JUnitReportReporter -->
<testsuite skipped="0" hostname="F17DSK3" name="com.test.TestGateWayService" tests="12" failures="0" timestamp="07 九月 2022 06:40:27 GMT" time="4.224" errors="0">
  <testcase name="savereceiveraddress" time="0.194" classname="com.test.TestGateWayService"/>
  <testcase name="getinfo兑换详情" time="0.210" classname="com.test.TestGateWayService"/>
  <testcase name="getactivityurl" time="1.266" classname="com.test.TestGateWayService"/>
  <testcase name="getadvertisementimage" time="0.174" classname="com.test.TestGateWayService"/>
  <testcase name="getmyapplycourselist" time="0.216" classname="com.test.TestGateWayService"/>
  <testcase name="getallreceiveraddress" time="0.313" classname="com.test.TestGateWayService"/>
  <testcase name="getcontributiondeaillist" time="0.178" classname="com.test.TestGateWayService"/>
  <testcase name="getexchangelist" time="0.227" classname="com.test.TestGateWayService"/>
  <testcase name="getquestions" time="0.205" classname="com.test.TestGateWayService"/>
  <testcase name="gettaskinfo" time="0.180" classname="com.test.TestGateWayService"/>
  <testcase name="getallcity" time="0.886" classname="com.test.TestGateWayService"/>
  <testcase name="getjoblist" time="0.175" classname="com.test.TestGateWayService"/>
</testsuite> <!-- com.test.TestGateWayService -->
