<?xml version="1.0" encoding="UTF-8"?>
<!-- Generated by org.testng.reporters.JUnitReportReporter -->
<testsuite hostname="LAPTOP-TAMAT1FM" failures="0" tests="47" name="com.test.TestKwwNRService" time="14.065" errors="0" timestamp="31 Jul 2023 02:55:42 GMT" skipped="0">
  <testcase classname="com.test.TestKwwNRService" name="getToken" time="0.264"/>
  <testcase classname="com.test.TestKwwNRService" name="applylistToGetappid" time="0.170"/>
  <testcase classname="com.test.TestKwwNRService" name="资料中心v1WeappMangerFileTotalSize" time="0.165"/>
  <testcase classname="com.test.TestKwwNRService" name="获取uuidWeappUploadToken" time="0.176"/>
  <testcase classname="com.test.TestKwwNRService" name="上传图片v1WeappManagerFile" time="0.188"/>
  <testcase classname="com.test.TestKwwNRService" name="获取图片idv1WeappManagerFileList" time="0.189"/>
  <testcase classname="com.test.TestKwwNRService" name="图片详情v1WeappManagerFileTPid" time="1.261"/>
  <testcase classname="com.test.TestKwwNRService" name="图片删除v1WeappManagerFileDelete" time="0.448"/>
  <testcase classname="com.test.TestKwwNRService" name="获取视频uuidV1WeappManagerFileUploadToken" time="0.180"/>
  <testcase classname="com.test.TestKwwNRService" name="上传视频v1WeappManagerFile" time="0.176"/>
  <testcase classname="com.test.TestKwwNRService" name="视频Listidv1WeappManagerFileLis" time="0.164"/>
  <testcase classname="com.test.TestKwwNRService" name="删除视频v1WeappManagerFile" time="0.388"/>
  <testcase classname="com.test.TestKwwNRService" name="音频Listv1WeappManagerFileList" time="0.224"/>
  <testcase classname="com.test.TestKwwNRService" name="音频获取uuidv1WeappManagerFileUploadToken" time="0.171"/>
  <testcase classname="com.test.TestKwwNRService" name="提交音频V1WeappManagerFile" time="0.174"/>
  <testcase classname="com.test.TestKwwNRService" name="删除音频文件V1WeappManagerFile" time="0.381"/>
  <testcase classname="com.test.TestKwwNRService" name="获取文档uuidv1WeappManagerFileUploadToken" time="0.195"/>
  <testcase classname="com.test.TestKwwNRService" name="上传文档v1WeappManagerFile" time="0.177"/>
  <testcase classname="com.test.TestKwwNRService" name="文档PageListv1WeappManagerFileList" time="0.186"/>
  <testcase classname="com.test.TestKwwNRService" name="文档删除v1WeappManagerFile" time="0.414"/>
  <testcase classname="com.test.TestKwwNRService" name="快捷导航PageListv1WeappManagerQuickNavSearch" time="0.156"/>
  <testcase classname="com.test.TestKwwNRService" name="创建快捷导航v1WeappManagerQuickNav" time="0.191"/>
  <testcase classname="com.test.TestKwwNRService" name="导航重命名v1WeappManagerQuickNavName" time="0.189"/>
  <testcase classname="com.test.TestKwwNRService" name="编辑快捷导航v1WeappManagerQuickNavSetting" time="0.186"/>
  <testcase classname="com.test.TestKwwNRService" name="删除快捷导航v1WeappManagerQuickNav" time="0.178"/>
  <testcase classname="com.test.TestKwwNRService" name="授权内容已授权tabLISTminiProgramCoManagerAuthApplyAuditStatus" time="1.488"/>
  <testcase classname="com.test.TestKwwNRService" name="授权搜索LISTweappManageAuthApplyActivitySearch" time="0.603"/>
  <testcase classname="com.test.TestKwwNRService" name="内容待授权miniProgramCoManagerAuthApplyAuditStatus" time="1.245"/>
  <testcase classname="com.test.TestKwwNRService" name="微页面获取模板weappManagerMicroPagesSysTemplates" time="0.225"/>
  <testcase classname="com.test.TestKwwNRService" name="微页面创建H5v1WeappManagerMicroPages" time="0.258"/>
  <testcase classname="com.test.TestKwwNRService" name="H5设计创建v1WeappManagerMicroPages" time="0.244"/>
  <testcase classname="com.test.TestKwwNRService" name="微页面H5复制weappManagerMicroPages" time="0.342"/>
  <testcase classname="com.test.TestKwwNRService" name="删除微页面H5v1WeappManagerMicroPages" time="0.219"/>
  <testcase classname="com.test.TestKwwNRService" name="发布微页面H5weappManagerMicroPagesPublish" time="0.251"/>
  <testcase classname="com.test.TestKwwNRService" name="删除复制H5weappManagerMicroPages" time="0.252"/>
  <testcase classname="com.test.TestKwwNRService" name="创建微页面长页v1WeappManagerMicroPages" time="0.212"/>
  <testcase classname="com.test.TestKwwNRService" name="微页面创建发布长页v1WeappManagerMicroPages" time="0.205"/>
  <testcase classname="com.test.TestKwwNRService" name="微页面复制长页weappManagerMicroPagesCopy" time="0.237"/>
  <testcase classname="com.test.TestKwwNRService" name="删除微页面长页v1WeappManagerMicroPagesCYID" time="0.191"/>
  <testcase classname="com.test.TestKwwNRService" name="微页面长页发布v1WeappManagerMicroPagesPublish" time="0.185"/>
  <testcase classname="com.test.TestKwwNRService" name="删除微页面复制长页weappManagerMicroPagesCopycyid" time="0.180"/>
  <testcase classname="com.test.TestKwwNRService" name="微页面创建电脑网站weappManagerMicroPages" time="0.198"/>
  <testcase classname="com.test.TestKwwNRService" name="发布微页面网站v1WeappManagerMicroPages" time="0.187"/>
  <testcase classname="com.test.TestKwwNRService" name="微页面网站复制weappManagerMicroPagesCopy" time="0.213"/>
  <testcase classname="com.test.TestKwwNRService" name="删除网站页面v1WeappManagerMicroPages" time="0.174"/>
  <testcase classname="com.test.TestKwwNRService" name="微页面网站发布weappManagerMicroPagesPublish" time="0.176"/>
  <testcase classname="com.test.TestKwwNRService" name="删除复制网站页weappManagerMicroPages" time="0.189"/>
</testsuite> <!-- com.test.TestKwwNRService -->
