<?xml version="1.0" encoding="UTF-8"?>
<!-- Generated by org.testng.reporters.JUnitReportReporter -->
<testsuite hostname="LAPTOP-TAMAT1FM" failures="0" tests="22" name="com.test.TestKwwWzService" time="4.476" errors="0" timestamp="31 Jul 2023 02:55:42 GMT" skipped="0">
  <testcase classname="com.test.TestKwwWzService" name="getToken" time="0.297"/>
  <testcase classname="com.test.TestKwwWzService" name="applylistToGetappid" time="0.166"/>
  <testcase classname="com.test.TestKwwWzService" name="首页设计homeClassidGetDatasID" time="0.167"/>
  <testcase classname="com.test.TestKwwWzService" name="classLayoutTypePut" time="0.172"/>
  <testcase classname="com.test.TestKwwWzService" name="classNavStyle" time="0.169"/>
  <testcase classname="com.test.TestKwwWzService" name="classSearchBarOpen" time="0.174"/>
  <testcase classname="com.test.TestKwwWzService" name="classNavLayoutType" time="0.172"/>
  <testcase classname="com.test.TestKwwWzService" name="NewDesignerAllData" time="0.220"/>
  <testcase classname="com.test.TestKwwWzService" name="NavLayoutType" time="0.170"/>
  <testcase classname="com.test.TestKwwWzService" name="headerNavGetId" time="0.238"/>
  <testcase classname="com.test.TestKwwWzService" name="footerCategor" time="0.167"/>
  <testcase classname="com.test.TestKwwWzService" name="headerNav" time="0.183"/>
  <testcase classname="com.test.TestKwwWzService" name="模板库homeClassid" time="0.182"/>
  <testcase classname="com.test.TestKwwWzService" name="模板templateStandardList" time="0.185"/>
  <testcase classname="com.test.TestKwwWzService" name="模板使用emplateStandard" time="0.201"/>
  <testcase classname="com.test.TestKwwWzService" name="userTypeList" time="0.173"/>
  <testcase classname="com.test.TestKwwWzService" name="noticeUnreadNum" time="0.165"/>
  <testcase classname="com.test.TestKwwWzService" name="weappLeftMenuData" time="0.175"/>
  <testcase classname="com.test.TestKwwWzService" name="skinList" time="0.220"/>
  <testcase classname="com.test.TestKwwWzService" name="weappSetSkin" time="0.170"/>
  <testcase classname="com.test.TestKwwWzService" name="手机网站详情websiteAppidDetail" time="0.179"/>
  <testcase classname="com.test.TestKwwWzService" name="手机网站详情保存apiV1WebsiteNicknameAndImg" time="0.531"/>
</testsuite> <!-- com.test.TestKwwWzService -->
